This file contains any messages produced by compilers while
running configure, to aid debugging if configure makes a mistake.

It was created by libxml++ configure 3.0.1, which was
generated by GNU Autoconf 2.69.  Invocation command line was

  $ ./configure --disable-shared

## --------- ##
## Platform. ##
## --------- ##

hostname = shahzad-VirtualBox
uname -m = x86_64
uname -r = 4.4.0-92-generic
uname -s = Linux
uname -v = #115~14.04.1-Ubuntu SMP Thu Aug 10 15:06:53 UTC 2017

/usr/bin/uname -p = unknown
/bin/uname -X     = unknown

/bin/arch              = unknown
/usr/bin/arch -k       = unknown
/usr/convex/getsysinfo = unknown
/usr/bin/hostinfo      = unknown
/bin/machine           = unknown
/usr/bin/oslevel       = unknown
/bin/universe          = unknown

PATH: /usr/local/sbin
PATH: /usr/local/bin
PATH: /usr/sbin
PATH: /usr/bin
PATH: /sbin
PATH: /bin
PATH: /snap/bin


## ----------- ##
## Core tests. ##
## ----------- ##

configure:2499: checking for a BSD-compatible install
configure:2567: result: /usr/bin/install -c
configure:2578: checking whether build environment is sane
configure:2633: result: yes
configure:2784: checking for a thread-safe mkdir -p
configure:2823: result: /bin/mkdir -p
configure:2830: checking for gawk
configure:2860: result: no
configure:2830: checking for mawk
configure:2846: found /usr/bin/mawk
configure:2857: result: mawk
configure:2868: checking whether make sets $(MAKE)
configure:2890: result: yes
configure:2919: checking whether make supports nested variables
configure:2936: result: yes
configure:3066: checking whether make supports nested variables
configure:3083: result: yes
configure:3095: checking whether to enable maintainer-specific portions of Makefiles
configure:3104: result: no
configure:3121: checking whether make supports GNU make features
test 'success' = success
configure:3135: result: yes
configure:3243: checking for g++
configure:3259: found /usr/bin/g++
configure:3270: result: g++
configure:3297: checking for C++ compiler version
configure:3306: g++ --version >&5
g++ (Ubuntu 4.8.4-2ubuntu1~14.04.3) 4.8.4
Copyright (C) 2013 Free Software Foundation, Inc.
This is free software; see the source for copying conditions.  There is NO
warranty; not even for MERCHANTABILITY or FITNESS FOR A PARTICULAR PURPOSE.

configure:3317: $? = 0
configure:3306: g++ -v >&5
Using built-in specs.
COLLECT_GCC=g++
COLLECT_LTO_WRAPPER=/usr/lib/gcc/x86_64-linux-gnu/4.8/lto-wrapper
Target: x86_64-linux-gnu
Configured with: ../src/configure -v --with-pkgversion='Ubuntu 4.8.4-2ubuntu1~14.04.3' --with-bugurl=file:///usr/share/doc/gcc-4.8/README.Bugs --enable-languages=c,c++,java,go,d,fortran,objc,obj-c++ --prefix=/usr --program-suffix=-4.8 --enable-shared --enable-linker-build-id --libexecdir=/usr/lib --without-included-gettext --enable-threads=posix --with-gxx-include-dir=/usr/include/c++/4.8 --libdir=/usr/lib --enable-nls --with-sysroot=/ --enable-clocale=gnu --enable-libstdcxx-debug --enable-libstdcxx-time=yes --enable-gnu-unique-object --disable-libmudflap --enable-plugin --with-system-zlib --disable-browser-plugin --enable-java-awt=gtk --enable-gtk-cairo --with-java-home=/usr/lib/jvm/java-1.5.0-gcj-4.8-amd64/jre --enable-java-home --with-jvm-root-dir=/usr/lib/jvm/java-1.5.0-gcj-4.8-amd64 --with-jvm-jar-dir=/usr/lib/jvm-exports/java-1.5.0-gcj-4.8-amd64 --with-arch-directory=amd64 --with-ecj-jar=/usr/share/java/eclipse-ecj.jar --enable-objc-gc --enable-multiarch --disable-werror --with-arch-32=i686 --with-abi=m64 --with-multilib-list=m32,m64,mx32 --with-tune=generic --enable-checking=release --build=x86_64-linux-gnu --host=x86_64-linux-gnu --target=x86_64-linux-gnu
Thread model: posix
gcc version 4.8.4 (Ubuntu 4.8.4-2ubuntu1~14.04.3) 
configure:3317: $? = 0
configure:3306: g++ -V >&5
g++: error: unrecognized command line option '-V'
g++: fatal error: no input files
compilation terminated.
configure:3317: $? = 4
configure:3306: g++ -qversion >&5
g++: error: unrecognized command line option '-qversion'
g++: fatal error: no input files
compilation terminated.
configure:3317: $? = 4
configure:3337: checking whether the C++ compiler works
configure:3359: g++    conftest.cpp  >&5
configure:3363: $? = 0
configure:3411: result: yes
configure:3414: checking for C++ compiler default output file name
configure:3416: result: a.out
configure:3422: checking for suffix of executables
configure:3429: g++ -o conftest    conftest.cpp  >&5
configure:3433: $? = 0
configure:3455: result: 
configure:3477: checking whether we are cross compiling
configure:3485: g++ -o conftest    conftest.cpp  >&5
configure:3489: $? = 0
configure:3496: ./conftest
configure:3500: $? = 0
configure:3515: result: no
configure:3520: checking for suffix of object files
configure:3542: g++ -c   conftest.cpp >&5
configure:3546: $? = 0
configure:3567: result: o
configure:3571: checking whether we are using the GNU C++ compiler
configure:3590: g++ -c   conftest.cpp >&5
configure:3590: $? = 0
configure:3599: result: yes
configure:3608: checking whether g++ accepts -g
configure:3628: g++ -c -g  conftest.cpp >&5
configure:3628: $? = 0
configure:3669: result: yes
configure:3703: checking for style of include used by make
configure:3731: result: GNU
configure:3757: checking dependency style of g++
configure:3868: result: gcc3
configure:3891: checking whether g++ supports C++11 features by default
configure:4185: g++ -c -g -O2  conftest.cpp >&5
conftest.cpp:23:2: error: #error "This is not a C++11 compiler"
 #error "This is not a C++11 compiler"
  ^
configure:4185: $? = 1
configure: failed program was:
| /* confdefs.h */
| #define PACKAGE_NAME "libxml++"
| #define PACKAGE_TARNAME "libxml++"
| #define PACKAGE_VERSION "3.0.1"
| #define PACKAGE_STRING "libxml++ 3.0.1"
| #define PACKAGE_BUGREPORT "https://bugzilla.gnome.org/enter_bug.cgi?product=libxml%2B%2B"
| #define PACKAGE_URL "http://libxmlplusplus.sourceforge.net/"
| #define LIBXMLXX_MAJOR_VERSION 3
| #define LIBXMLXX_MINOR_VERSION 0
| #define LIBXMLXX_MICRO_VERSION 1
| /* end confdefs.h.  */
| 
| 
| // If the compiler admits that it is not ready for C++11, why torture it?
| // Hopefully, this will speed up the test.
| 
| #ifndef __cplusplus
| 
| #error "This is not a C++ compiler"
| 
| #elif __cplusplus < 201103L
| 
| #error "This is not a C++11 compiler"
| 
| #else
| 
| namespace cxx11
| {
| 
|   namespace test_static_assert
|   {
| 
|     template <typename T>
|     struct check
|     {
|       static_assert(sizeof(int) <= sizeof(T), "not big enough");
|     };
| 
|   }
| 
|   namespace test_final_override
|   {
| 
|     struct Base
|     {
|       virtual void f() {}
|     };
| 
|     struct Derived : public Base
|     {
|       virtual void f() override {}
|     };
| 
|   }
| 
|   namespace test_double_right_angle_brackets
|   {
| 
|     template < typename T >
|     struct check {};
| 
|     typedef check<void> single_type;
|     typedef check<check<void>> double_type;
|     typedef check<check<check<void>>> triple_type;
|     typedef check<check<check<check<void>>>> quadruple_type;
| 
|   }
| 
|   namespace test_decltype
|   {
| 
|     int
|     f()
|     {
|       int a = 1;
|       decltype(a) b = 2;
|       return a + b;
|     }
| 
|   }
| 
|   namespace test_type_deduction
|   {
| 
|     template < typename T1, typename T2 >
|     struct is_same
|     {
|       static const bool value = false;
|     };
| 
|     template < typename T >
|     struct is_same<T, T>
|     {
|       static const bool value = true;
|     };
| 
|     template < typename T1, typename T2 >
|     auto
|     add(T1 a1, T2 a2) -> decltype(a1 + a2)
|     {
|       return a1 + a2;
|     }
| 
|     int
|     test(const int c, volatile int v)
|     {
|       static_assert(is_same<int, decltype(0)>::value == true, "");
|       static_assert(is_same<int, decltype(c)>::value == false, "");
|       static_assert(is_same<int, decltype(v)>::value == false, "");
|       auto ac = c;
|       auto av = v;
|       auto sumi = ac + av + 'x';
|       auto sumf = ac + av + 1.0;
|       static_assert(is_same<int, decltype(ac)>::value == true, "");
|       static_assert(is_same<int, decltype(av)>::value == true, "");
|       static_assert(is_same<int, decltype(sumi)>::value == true, "");
|       static_assert(is_same<int, decltype(sumf)>::value == false, "");
|       static_assert(is_same<int, decltype(add(c, v))>::value == true, "");
|       return (sumf > 0.0) ? sumi : add(c, v);
|     }
| 
|   }
| 
|   namespace test_noexcept
|   {
| 
|     int f() { return 0; }
|     int g() noexcept { return 0; }
| 
|     static_assert(noexcept(f()) == false, "");
|     static_assert(noexcept(g()) == true, "");
| 
|   }
| 
|   namespace test_constexpr
|   {
| 
|     template < typename CharT >
|     unsigned long constexpr
|     strlen_c_r(const CharT *const s, const unsigned long acc) noexcept
|     {
|       return *s ? strlen_c_r(s + 1, acc + 1) : acc;
|     }
| 
|     template < typename CharT >
|     unsigned long constexpr
|     strlen_c(const CharT *const s) noexcept
|     {
|       return strlen_c_r(s, 0UL);
|     }
| 
|     static_assert(strlen_c("") == 0UL, "");
|     static_assert(strlen_c("1") == 1UL, "");
|     static_assert(strlen_c("example") == 7UL, "");
|     static_assert(strlen_c("another\0example") == 7UL, "");
| 
|   }
| 
|   namespace test_rvalue_references
|   {
| 
|     template < int N >
|     struct answer
|     {
|       static constexpr int value = N;
|     };
| 
|     answer<1> f(int&)       { return answer<1>(); }
|     answer<2> f(const int&) { return answer<2>(); }
|     answer<3> f(int&&)      { return answer<3>(); }
| 
|     void
|     test()
|     {
|       int i = 0;
|       const int c = 0;
|       static_assert(decltype(f(i))::value == 1, "");
|       static_assert(decltype(f(c))::value == 2, "");
|       static_assert(decltype(f(0))::value == 3, "");
|     }
| 
|   }
| 
|   namespace test_uniform_initialization
|   {
| 
|     struct test
|     {
|       static const int zero {};
|       static const int one {1};
|     };
| 
|     static_assert(test::zero == 0, "");
|     static_assert(test::one == 1, "");
| 
|   }
| 
|   namespace test_lambdas
|   {
| 
|     void
|     test1()
|     {
|       auto lambda1 = [](){};
|       auto lambda2 = lambda1;
|       lambda1();
|       lambda2();
|     }
| 
|     int
|     test2()
|     {
|       auto a = [](int i, int j){ return i + j; }(1, 2);
|       auto b = []() -> int { return '0'; }();
|       auto c = [=](){ return a + b; }();
|       auto d = [&](){ return c; }();
|       auto e = [a, &b](int x) mutable {
|         const auto identity = [](int y){ return y; };
|         for (auto i = 0; i < a; ++i)
|           a += b--;
|         return x + identity(a + b);
|       }(0);
|       return a + b + c + d + e;
|     }
| 
|     int
|     test3()
|     {
|       const auto nullary = [](){ return 0; };
|       const auto unary = [](int x){ return x; };
|       using nullary_t = decltype(nullary);
|       using unary_t = decltype(unary);
|       const auto higher1st = [](nullary_t f){ return f(); };
|       const auto higher2nd = [unary](nullary_t f1){
|         return [unary, f1](unary_t f2){ return f2(unary(f1())); };
|       };
|       return higher1st(nullary) + higher2nd(nullary)(unary);
|     }
| 
|   }
| 
|   namespace test_variadic_templates
|   {
| 
|     template <int...>
|     struct sum;
| 
|     template <int N0, int... N1toN>
|     struct sum<N0, N1toN...>
|     {
|       static constexpr auto value = N0 + sum<N1toN...>::value;
|     };
| 
|     template <>
|     struct sum<>
|     {
|       static constexpr auto value = 0;
|     };
| 
|     static_assert(sum<>::value == 0, "");
|     static_assert(sum<1>::value == 1, "");
|     static_assert(sum<23>::value == 23, "");
|     static_assert(sum<1, 2>::value == 3, "");
|     static_assert(sum<5, 5, 11>::value == 21, "");
|     static_assert(sum<2, 3, 5, 7, 11, 13>::value == 41, "");
| 
|   }
| 
|   // http://stackoverflow.com/questions/13728184/template-aliases-and-sfinae
|   // Clang 3.1 fails with headers of libstd++ 4.8.3 when using std::function
|   // because of this.
|   namespace test_template_alias_sfinae
|   {
| 
|     struct foo {};
| 
|     template<typename T>
|     using member = typename T::member_type;
| 
|     template<typename T>
|     void func(...) {}
| 
|     template<typename T>
|     void func(member<T>*) {}
| 
|     void test();
| 
|     void test() { func<foo>(0); }
| 
|   }
| 
| }  // namespace cxx11
| 
| #endif  // __cplusplus >= 201103L
| 
| 
| 
configure:4192: result: no
configure:4203: checking whether g++ supports C++11 features with -std=c++11
configure:4499: g++ -c -g -O2 -std=c++11  conftest.cpp >&5
configure:4499: $? = 0
configure:4508: result: yes
configure:4573: checking build system type
configure:4587: result: x86_64-pc-linux-gnu
configure:4607: checking host system type
configure:4620: result: x86_64-pc-linux-gnu
configure:4661: checking how to print strings
configure:4688: result: printf
configure:4757: checking for gcc
configure:4773: found /usr/bin/gcc
configure:4784: result: gcc
configure:5013: checking for C compiler version
configure:5022: gcc --version >&5
gcc (Ubuntu 4.8.4-2ubuntu1~14.04.3) 4.8.4
Copyright (C) 2013 Free Software Foundation, Inc.
This is free software; see the source for copying conditions.  There is NO
warranty; not even for MERCHANTABILITY or FITNESS FOR A PARTICULAR PURPOSE.

configure:5033: $? = 0
configure:5022: gcc -v >&5
Using built-in specs.
COLLECT_GCC=gcc
COLLECT_LTO_WRAPPER=/usr/lib/gcc/x86_64-linux-gnu/4.8/lto-wrapper
Target: x86_64-linux-gnu
Configured with: ../src/configure -v --with-pkgversion='Ubuntu 4.8.4-2ubuntu1~14.04.3' --with-bugurl=file:///usr/share/doc/gcc-4.8/README.Bugs --enable-languages=c,c++,java,go,d,fortran,objc,obj-c++ --prefix=/usr --program-suffix=-4.8 --enable-shared --enable-linker-build-id --libexecdir=/usr/lib --without-included-gettext --enable-threads=posix --with-gxx-include-dir=/usr/include/c++/4.8 --libdir=/usr/lib --enable-nls --with-sysroot=/ --enable-clocale=gnu --enable-libstdcxx-debug --enable-libstdcxx-time=yes --enable-gnu-unique-object --disable-libmudflap --enable-plugin --with-system-zlib --disable-browser-plugin --enable-java-awt=gtk --enable-gtk-cairo --with-java-home=/usr/lib/jvm/java-1.5.0-gcj-4.8-amd64/jre --enable-java-home --with-jvm-root-dir=/usr/lib/jvm/java-1.5.0-gcj-4.8-amd64 --with-jvm-jar-dir=/usr/lib/jvm-exports/java-1.5.0-gcj-4.8-amd64 --with-arch-directory=amd64 --with-ecj-jar=/usr/share/java/eclipse-ecj.jar --enable-objc-gc --enable-multiarch --disable-werror --with-arch-32=i686 --with-abi=m64 --with-multilib-list=m32,m64,mx32 --with-tune=generic --enable-checking=release --build=x86_64-linux-gnu --host=x86_64-linux-gnu --target=x86_64-linux-gnu
Thread model: posix
gcc version 4.8.4 (Ubuntu 4.8.4-2ubuntu1~14.04.3) 
configure:5033: $? = 0
configure:5022: gcc -V >&5
gcc: error: unrecognized command line option '-V'
gcc: fatal error: no input files
compilation terminated.
configure:5033: $? = 4
configure:5022: gcc -qversion >&5
gcc: error: unrecognized command line option '-qversion'
gcc: fatal error: no input files
compilation terminated.
configure:5033: $? = 4
configure:5037: checking whether we are using the GNU C compiler
configure:5056: gcc -c   conftest.c >&5
configure:5056: $? = 0
configure:5065: result: yes
configure:5074: checking whether gcc accepts -g
configure:5094: gcc -c -g  conftest.c >&5
configure:5094: $? = 0
configure:5135: result: yes
configure:5152: checking for gcc option to accept ISO C89
configure:5215: gcc  -c -g -O2  conftest.c >&5
configure:5215: $? = 0
configure:5228: result: none needed
configure:5253: checking whether gcc understands -c and -o together
configure:5275: gcc -c conftest.c -o conftest2.o
configure:5278: $? = 0
configure:5275: gcc -c conftest.c -o conftest2.o
configure:5278: $? = 0
configure:5290: result: yes
configure:5309: checking dependency style of gcc
configure:5420: result: gcc3
configure:5435: checking for a sed that does not truncate output
configure:5499: result: /bin/sed
configure:5517: checking for grep that handles long lines and -e
configure:5575: result: /bin/grep
configure:5580: checking for egrep
configure:5642: result: /bin/grep -E
configure:5647: checking for fgrep
configure:5709: result: /bin/grep -F
configure:5744: checking for ld used by gcc
configure:5811: result: /usr/bin/ld
configure:5818: checking if the linker (/usr/bin/ld) is GNU ld
configure:5833: result: yes
configure:5845: checking for BSD- or MS-compatible name lister (nm)
configure:5899: result: /usr/bin/nm -B
configure:6029: checking the name lister (/usr/bin/nm -B) interface
configure:6036: gcc -c -g -O2  conftest.c >&5
configure:6039: /usr/bin/nm -B "conftest.o"
configure:6042: output
0000000000000000 B some_variable
configure:6049: result: BSD nm
configure:6052: checking whether ln -s works
configure:6056: result: yes
configure:6064: checking the maximum length of command line arguments
configure:6195: result: 1572864
configure:6243: checking how to convert x86_64-pc-linux-gnu file names to x86_64-pc-linux-gnu format
configure:6283: result: func_convert_file_noop
configure:6290: checking how to convert x86_64-pc-linux-gnu file names to toolchain format
configure:6310: result: func_convert_file_noop
configure:6317: checking for /usr/bin/ld option to reload object files
configure:6324: result: -r
configure:6398: checking for objdump
configure:6414: found /usr/bin/objdump
configure:6425: result: objdump
configure:6454: checking how to recognize dependent libraries
configure:6654: result: pass_all
configure:6739: checking for dlltool
configure:6769: result: no
configure:6796: checking how to associate runtime and link libraries
configure:6823: result: printf %s\n
configure:6884: checking for ar
configure:6900: found /usr/bin/ar
configure:6911: result: ar
configure:6948: checking for archiver @FILE support
configure:6965: gcc -c -g -O2  conftest.c >&5
configure:6965: $? = 0
configure:6968: ar cru libconftest.a @conftest.lst >&5
configure:6971: $? = 0
configure:6976: ar cru libconftest.a @conftest.lst >&5
ar: conftest.o: No such file or directory
configure:6979: $? = 1
configure:6991: result: @
configure:7049: checking for strip
configure:7065: found /usr/bin/strip
configure:7076: result: strip
configure:7148: checking for ranlib
configure:7164: found /usr/bin/ranlib
configure:7175: result: ranlib
configure:7277: checking command to parse /usr/bin/nm -B output from gcc object
configure:7430: gcc -c -g -O2  conftest.c >&5
configure:7433: $? = 0
configure:7437: /usr/bin/nm -B conftest.o \| sed -n -e 's/^.*[ ]\([ABCDGIRSTW][ABCDGIRSTW]*\)[ ][ ]*\([_A-Za-z][_A-Za-z0-9]*\)$/\1 \2 \2/p' | sed '/ __gnu_lto/d' \> conftest.nm
configure:7440: $? = 0
configure:7506: gcc -o conftest -g -O2   conftest.c conftstm.o >&5
configure:7509: $? = 0
configure:7547: result: ok
configure:7594: checking for sysroot
configure:7624: result: no
configure:7631: checking for a working dd
configure:7669: result: /bin/dd
configure:7673: checking how to truncate binary pipes
configure:7688: result: /bin/dd bs=4096 count=1
configure:7824: gcc -c -g -O2  conftest.c >&5
configure:7827: $? = 0
configure:8017: checking for mt
configure:8033: found /bin/mt
configure:8044: result: mt
configure:8067: checking if mt is a manifest tool
configure:8073: mt '-?'
configure:8081: result: no
configure:8758: checking how to run the C preprocessor
configure:8789: gcc -E  conftest.c
configure:8789: $? = 0
configure:8803: gcc -E  conftest.c
conftest.c:12:28: fatal error: ac_nonexistent.h: No such file or directory
 #include <ac_nonexistent.h>
                            ^
compilation terminated.
configure:8803: $? = 1
configure: failed program was:
| /* confdefs.h */
| #define PACKAGE_NAME "libxml++"
| #define PACKAGE_TARNAME "libxml++"
| #define PACKAGE_VERSION "3.0.1"
| #define PACKAGE_STRING "libxml++ 3.0.1"
| #define PACKAGE_BUGREPORT "https://bugzilla.gnome.org/enter_bug.cgi?product=libxml%2B%2B"
| #define PACKAGE_URL "http://libxmlplusplus.sourceforge.net/"
| #define LIBXMLXX_MAJOR_VERSION 3
| #define LIBXMLXX_MINOR_VERSION 0
| #define LIBXMLXX_MICRO_VERSION 1
| /* end confdefs.h.  */
| #include <ac_nonexistent.h>
configure:8828: result: gcc -E
configure:8848: gcc -E  conftest.c
configure:8848: $? = 0
configure:8862: gcc -E  conftest.c
conftest.c:12:28: fatal error: ac_nonexistent.h: No such file or directory
 #include <ac_nonexistent.h>
                            ^
compilation terminated.
configure:8862: $? = 1
configure: failed program was:
| /* confdefs.h */
| #define PACKAGE_NAME "libxml++"
| #define PACKAGE_TARNAME "libxml++"
| #define PACKAGE_VERSION "3.0.1"
| #define PACKAGE_STRING "libxml++ 3.0.1"
| #define PACKAGE_BUGREPORT "https://bugzilla.gnome.org/enter_bug.cgi?product=libxml%2B%2B"
| #define PACKAGE_URL "http://libxmlplusplus.sourceforge.net/"
| #define LIBXMLXX_MAJOR_VERSION 3
| #define LIBXMLXX_MINOR_VERSION 0
| #define LIBXMLXX_MICRO_VERSION 1
| /* end confdefs.h.  */
| #include <ac_nonexistent.h>
configure:8891: checking for ANSI C header files
configure:8911: gcc -c -g -O2  conftest.c >&5
configure:8911: $? = 0
configure:8984: gcc -o conftest -g -O2   conftest.c  >&5
configure:8984: $? = 0
configure:8984: ./conftest
configure:8984: $? = 0
configure:8995: result: yes
configure:9008: checking for sys/types.h
configure:9008: gcc -c -g -O2  conftest.c >&5
configure:9008: $? = 0
configure:9008: result: yes
configure:9008: checking for sys/stat.h
configure:9008: gcc -c -g -O2  conftest.c >&5
configure:9008: $? = 0
configure:9008: result: yes
configure:9008: checking for stdlib.h
configure:9008: gcc -c -g -O2  conftest.c >&5
configure:9008: $? = 0
configure:9008: result: yes
configure:9008: checking for string.h
configure:9008: gcc -c -g -O2  conftest.c >&5
configure:9008: $? = 0
configure:9008: result: yes
configure:9008: checking for memory.h
configure:9008: gcc -c -g -O2  conftest.c >&5
configure:9008: $? = 0
configure:9008: result: yes
configure:9008: checking for strings.h
configure:9008: gcc -c -g -O2  conftest.c >&5
configure:9008: $? = 0
configure:9008: result: yes
configure:9008: checking for inttypes.h
configure:9008: gcc -c -g -O2  conftest.c >&5
configure:9008: $? = 0
configure:9008: result: yes
configure:9008: checking for stdint.h
configure:9008: gcc -c -g -O2  conftest.c >&5
configure:9008: $? = 0
configure:9008: result: yes
configure:9008: checking for unistd.h
configure:9008: gcc -c -g -O2  conftest.c >&5
configure:9008: $? = 0
configure:9008: result: yes
configure:9022: checking for dlfcn.h
configure:9022: gcc -c -g -O2  conftest.c >&5
configure:9022: $? = 0
configure:9022: result: yes
configure:9584: checking for objdir
configure:9599: result: .libs
configure:9863: checking if gcc supports -fno-rtti -fno-exceptions
configure:9881: gcc -c -g -O2  -fno-rtti -fno-exceptions conftest.c >&5
cc1: warning: command line option '-fno-rtti' is valid for C++/ObjC++ but not for C [enabled by default]
configure:9885: $? = 0
configure:9898: result: no
configure:10256: checking for gcc option to produce PIC
configure:10263: result: -fPIC -DPIC
configure:10271: checking if gcc PIC flag -fPIC -DPIC works
configure:10289: gcc -c -g -O2  -fPIC -DPIC -DPIC conftest.c >&5
configure:10293: $? = 0
configure:10306: result: yes
configure:10335: checking if gcc static flag -static works
configure:10363: result: yes
configure:10378: checking if gcc supports -c -o file.o
configure:10399: gcc -c -g -O2  -o out/conftest2.o conftest.c >&5
configure:10403: $? = 0
configure:10425: result: yes
configure:10433: checking if gcc supports -c -o file.o
configure:10480: result: yes
configure:10513: checking whether the gcc linker (/usr/bin/ld -m elf_x86_64) supports shared libraries
configure:11776: result: yes
configure:12016: checking dynamic linker characteristics
configure:12597: gcc -o conftest -g -O2   -Wl,-rpath -Wl,/foo conftest.c  >&5
configure:12597: $? = 0
configure:12846: result: GNU/Linux ld.so
configure:12968: checking how to hardcode library paths into programs
configure:12993: result: immediate
configure:13095: checking for shl_load
configure:13095: gcc -o conftest -g -O2   conftest.c  >&5
/tmp/ccY6ytVS.o: In function `main':
/home/shahzad/Desktop/MPEG_Dash/Comcast/dashParser_C++/libxml++-3.0.1/conftest.c:58: undefined reference to `shl_load'
collect2: error: ld returned 1 exit status
configure:13095: $? = 1
configure: failed program was:
| /* confdefs.h */
| #define PACKAGE_NAME "libxml++"
| #define PACKAGE_TARNAME "libxml++"
| #define PACKAGE_VERSION "3.0.1"
| #define PACKAGE_STRING "libxml++ 3.0.1"
| #define PACKAGE_BUGREPORT "https://bugzilla.gnome.org/enter_bug.cgi?product=libxml%2B%2B"
| #define PACKAGE_URL "http://libxmlplusplus.sourceforge.net/"
| #define LIBXMLXX_MAJOR_VERSION 3
| #define LIBXMLXX_MINOR_VERSION 0
| #define LIBXMLXX_MICRO_VERSION 1
| #define STDC_HEADERS 1
| #define HAVE_SYS_TYPES_H 1
| #define HAVE_SYS_STAT_H 1
| #define HAVE_STDLIB_H 1
| #define HAVE_STRING_H 1
| #define HAVE_MEMORY_H 1
| #define HAVE_STRINGS_H 1
| #define HAVE_INTTYPES_H 1
| #define HAVE_STDINT_H 1
| #define HAVE_UNISTD_H 1
| #define HAVE_DLFCN_H 1
| #define LT_OBJDIR ".libs/"
| /* end confdefs.h.  */
| /* Define shl_load to an innocuous variant, in case <limits.h> declares shl_load.
|    For example, HP-UX 11i <limits.h> declares gettimeofday.  */
| #define shl_load innocuous_shl_load
| 
| /* System header to define __stub macros and hopefully few prototypes,
|     which can conflict with char shl_load (); below.
|     Prefer <limits.h> to <assert.h> if __STDC__ is defined, since
|     <limits.h> exists even on freestanding compilers.  */
| 
| #ifdef __STDC__
| # include <limits.h>
| #else
| # include <assert.h>
| #endif
| 
| #undef shl_load
| 
| /* Override any GCC internal prototype to avoid an error.
|    Use char because int might match the return type of a GCC
|    builtin and then its argument prototype would still apply.  */
| #ifdef __cplusplus
| extern "C"
| #endif
| char shl_load ();
| /* The GNU C library defines this for functions which it implements
|     to always fail with ENOSYS.  Some functions are actually named
|     something starting with __ and the normal name is an alias.  */
| #if defined __stub_shl_load || defined __stub___shl_load
| choke me
| #endif
| 
| int
| main ()
| {
| return shl_load ();
|   ;
|   return 0;
| }
configure:13095: result: no
configure:13099: checking for shl_load in -ldld
configure:13124: gcc -o conftest -g -O2   conftest.c -ldld   >&5
/usr/bin/ld: cannot find -ldld
collect2: error: ld returned 1 exit status
configure:13124: $? = 1
configure: failed program was:
| /* confdefs.h */
| #define PACKAGE_NAME "libxml++"
| #define PACKAGE_TARNAME "libxml++"
| #define PACKAGE_VERSION "3.0.1"
| #define PACKAGE_STRING "libxml++ 3.0.1"
| #define PACKAGE_BUGREPORT "https://bugzilla.gnome.org/enter_bug.cgi?product=libxml%2B%2B"
| #define PACKAGE_URL "http://libxmlplusplus.sourceforge.net/"
| #define LIBXMLXX_MAJOR_VERSION 3
| #define LIBXMLXX_MINOR_VERSION 0
| #define LIBXMLXX_MICRO_VERSION 1
| #define STDC_HEADERS 1
| #define HAVE_SYS_TYPES_H 1
| #define HAVE_SYS_STAT_H 1
| #define HAVE_STDLIB_H 1
| #define HAVE_STRING_H 1
| #define HAVE_MEMORY_H 1
| #define HAVE_STRINGS_H 1
| #define HAVE_INTTYPES_H 1
| #define HAVE_STDINT_H 1
| #define HAVE_UNISTD_H 1
| #define HAVE_DLFCN_H 1
| #define LT_OBJDIR ".libs/"
| /* end confdefs.h.  */
| 
| /* Override any GCC internal prototype to avoid an error.
|    Use char because int might match the return type of a GCC
|    builtin and then its argument prototype would still apply.  */
| #ifdef __cplusplus
| extern "C"
| #endif
| char shl_load ();
| int
| main ()
| {
| return shl_load ();
|   ;
|   return 0;
| }
configure:13133: result: no
configure:13138: checking for dlopen
configure:13138: gcc -o conftest -g -O2   conftest.c  >&5
/tmp/cc0U8xUX.o: In function `main':
/home/shahzad/Desktop/MPEG_Dash/Comcast/dashParser_C++/libxml++-3.0.1/conftest.c:58: undefined reference to `dlopen'
collect2: error: ld returned 1 exit status
configure:13138: $? = 1
configure: failed program was:
| /* confdefs.h */
| #define PACKAGE_NAME "libxml++"
| #define PACKAGE_TARNAME "libxml++"
| #define PACKAGE_VERSION "3.0.1"
| #define PACKAGE_STRING "libxml++ 3.0.1"
| #define PACKAGE_BUGREPORT "https://bugzilla.gnome.org/enter_bug.cgi?product=libxml%2B%2B"
| #define PACKAGE_URL "http://libxmlplusplus.sourceforge.net/"
| #define LIBXMLXX_MAJOR_VERSION 3
| #define LIBXMLXX_MINOR_VERSION 0
| #define LIBXMLXX_MICRO_VERSION 1
| #define STDC_HEADERS 1
| #define HAVE_SYS_TYPES_H 1
| #define HAVE_SYS_STAT_H 1
| #define HAVE_STDLIB_H 1
| #define HAVE_STRING_H 1
| #define HAVE_MEMORY_H 1
| #define HAVE_STRINGS_H 1
| #define HAVE_INTTYPES_H 1
| #define HAVE_STDINT_H 1
| #define HAVE_UNISTD_H 1
| #define HAVE_DLFCN_H 1
| #define LT_OBJDIR ".libs/"
| /* end confdefs.h.  */
| /* Define dlopen to an innocuous variant, in case <limits.h> declares dlopen.
|    For example, HP-UX 11i <limits.h> declares gettimeofday.  */
| #define dlopen innocuous_dlopen
| 
| /* System header to define __stub macros and hopefully few prototypes,
|     which can conflict with char dlopen (); below.
|     Prefer <limits.h> to <assert.h> if __STDC__ is defined, since
|     <limits.h> exists even on freestanding compilers.  */
| 
| #ifdef __STDC__
| # include <limits.h>
| #else
| # include <assert.h>
| #endif
| 
| #undef dlopen
| 
| /* Override any GCC internal prototype to avoid an error.
|    Use char because int might match the return type of a GCC
|    builtin and then its argument prototype would still apply.  */
| #ifdef __cplusplus
| extern "C"
| #endif
| char dlopen ();
| /* The GNU C library defines this for functions which it implements
|     to always fail with ENOSYS.  Some functions are actually named
|     something starting with __ and the normal name is an alias.  */
| #if defined __stub_dlopen || defined __stub___dlopen
| choke me
| #endif
| 
| int
| main ()
| {
| return dlopen ();
|   ;
|   return 0;
| }
configure:13138: result: no
configure:13142: checking for dlopen in -ldl
configure:13167: gcc -o conftest -g -O2   conftest.c -ldl   >&5
configure:13167: $? = 0
configure:13176: result: yes
configure:13295: checking whether a program can dlopen itself
configure:13375: gcc -o conftest -g -O2  -DHAVE_DLFCN_H  -Wl,--export-dynamic conftest.c -ldl  >&5
configure:13378: $? = 0
configure:13396: result: yes
configure:13401: checking whether a statically linked program can dlopen itself
configure:13481: gcc -o conftest -g -O2  -DHAVE_DLFCN_H  -Wl,--export-dynamic -static conftest.c -ldl  >&5
/tmp/ccMugrw7.o: In function `main':
/home/shahzad/Desktop/MPEG_Dash/Comcast/dashParser_C++/libxml++-3.0.1/configure:13460: warning: Using 'dlopen' in statically linked applications requires at runtime the shared libraries from the glibc version used for linking
/usr/bin/ld: dynamic STT_GNU_IFUNC symbol `strcmp' with pointer equality in `/usr/lib/gcc/x86_64-linux-gnu/4.8/../../../x86_64-linux-gnu/libc.a(strcmp.o)' can not be used when making an executable; recompile with -fPIE and relink with -pie
collect2: error: ld returned 1 exit status
configure:13484: $? = 1
configure:13502: result: no
configure:13541: checking whether stripping libraries is possible
configure:13546: result: yes
configure:13581: checking if libtool supports shared libraries
configure:13583: result: yes
configure:13586: checking whether to build shared libraries
configure:13611: result: no
configure:13614: checking whether to build static libraries
configure:13618: result: yes
configure:13641: checking how to run the C++ preprocessor
configure:13668: g++ -E  conftest.cpp
configure:13668: $? = 0
configure:13682: g++ -E  conftest.cpp
conftest.cpp:24:28: fatal error: ac_nonexistent.h: No such file or directory
 #include <ac_nonexistent.h>
                            ^
compilation terminated.
configure:13682: $? = 1
configure: failed program was:
| /* confdefs.h */
| #define PACKAGE_NAME "libxml++"
| #define PACKAGE_TARNAME "libxml++"
| #define PACKAGE_VERSION "3.0.1"
| #define PACKAGE_STRING "libxml++ 3.0.1"
| #define PACKAGE_BUGREPORT "https://bugzilla.gnome.org/enter_bug.cgi?product=libxml%2B%2B"
| #define PACKAGE_URL "http://libxmlplusplus.sourceforge.net/"
| #define LIBXMLXX_MAJOR_VERSION 3
| #define LIBXMLXX_MINOR_VERSION 0
| #define LIBXMLXX_MICRO_VERSION 1
| #define STDC_HEADERS 1
| #define HAVE_SYS_TYPES_H 1
| #define HAVE_SYS_STAT_H 1
| #define HAVE_STDLIB_H 1
| #define HAVE_STRING_H 1
| #define HAVE_MEMORY_H 1
| #define HAVE_STRINGS_H 1
| #define HAVE_INTTYPES_H 1
| #define HAVE_STDINT_H 1
| #define HAVE_UNISTD_H 1
| #define HAVE_DLFCN_H 1
| #define LT_OBJDIR ".libs/"
| /* end confdefs.h.  */
| #include <ac_nonexistent.h>
configure:13707: result: g++ -E
configure:13727: g++ -E  conftest.cpp
configure:13727: $? = 0
configure:13741: g++ -E  conftest.cpp
conftest.cpp:24:28: fatal error: ac_nonexistent.h: No such file or directory
 #include <ac_nonexistent.h>
                            ^
compilation terminated.
configure:13741: $? = 1
configure: failed program was:
| /* confdefs.h */
| #define PACKAGE_NAME "libxml++"
| #define PACKAGE_TARNAME "libxml++"
| #define PACKAGE_VERSION "3.0.1"
| #define PACKAGE_STRING "libxml++ 3.0.1"
| #define PACKAGE_BUGREPORT "https://bugzilla.gnome.org/enter_bug.cgi?product=libxml%2B%2B"
| #define PACKAGE_URL "http://libxmlplusplus.sourceforge.net/"
| #define LIBXMLXX_MAJOR_VERSION 3
| #define LIBXMLXX_MINOR_VERSION 0
| #define LIBXMLXX_MICRO_VERSION 1
| #define STDC_HEADERS 1
| #define HAVE_SYS_TYPES_H 1
| #define HAVE_SYS_STAT_H 1
| #define HAVE_STDLIB_H 1
| #define HAVE_STRING_H 1
| #define HAVE_MEMORY_H 1
| #define HAVE_STRINGS_H 1
| #define HAVE_INTTYPES_H 1
| #define HAVE_STDINT_H 1
| #define HAVE_UNISTD_H 1
| #define HAVE_DLFCN_H 1
| #define LT_OBJDIR ".libs/"
| /* end confdefs.h.  */
| #include <ac_nonexistent.h>
configure:13903: checking for ld used by g++
configure:13970: result: /usr/bin/ld -m elf_x86_64
configure:13977: checking if the linker (/usr/bin/ld -m elf_x86_64) is GNU ld
configure:13992: result: yes
configure:14047: checking whether the g++ linker (/usr/bin/ld -m elf_x86_64) supports shared libraries
configure:15120: result: yes
configure:15156: g++ -c -g -O2 -std=c++11  conftest.cpp >&5
configure:15159: $? = 0
configure:15640: checking for g++ option to produce PIC
configure:15647: result: -fPIC -DPIC
configure:15655: checking if g++ PIC flag -fPIC -DPIC works
configure:15673: g++ -c -g -O2 -std=c++11  -fPIC -DPIC -DPIC conftest.cpp >&5
configure:15677: $? = 0
configure:15690: result: yes
configure:15713: checking if g++ static flag -static works
configure:15741: result: yes
configure:15753: checking if g++ supports -c -o file.o
configure:15774: g++ -c -g -O2 -std=c++11  -o out/conftest2.o conftest.cpp >&5
configure:15778: $? = 0
configure:15800: result: yes
configure:15805: checking if g++ supports -c -o file.o
configure:15852: result: yes
configure:15882: checking whether the g++ linker (/usr/bin/ld -m elf_x86_64) supports shared libraries
configure:15925: result: yes
configure:16066: checking dynamic linker characteristics
configure:16823: result: GNU/Linux ld.so
configure:16888: checking how to hardcode library paths into programs
configure:16913: result: immediate
configure:17031: checking for pkg-config
configure:17049: found /usr/bin/pkg-config
configure:17061: result: /usr/bin/pkg-config
configure:17086: checking pkg-config is at least version 0.9.0
configure:17089: result: yes
configure:17099: checking for LIBXMLXX
configure:17106: $PKG_CONFIG --exists --print-errors "$LIBXMLXX_MODULES"
configure:17109: $? = 0
configure:17123: $PKG_CONFIG --exists --print-errors "$LIBXMLXX_MODULES"
configure:17126: $? = 0
configure:17184: result: yes
configure:17199: checking string usability
configure:17199: g++ -c -g -O2 -std=c++11  conftest.cpp >&5
configure:17199: $? = 0
configure:17199: result: yes
configure:17199: checking string presence
configure:17199: g++ -E  conftest.cpp
configure:17199: $? = 0
configure:17199: result: yes
configure:17199: checking for string
configure:17199: result: yes
configure:17199: checking list usability
configure:17199: g++ -c -g -O2 -std=c++11  conftest.cpp >&5
configure:17199: $? = 0
configure:17199: result: yes
configure:17199: checking list presence
configure:17199: g++ -E  conftest.cpp
configure:17199: $? = 0
configure:17199: result: yes
configure:17199: checking for list
configure:17199: result: yes
configure:17199: checking map usability
configure:17199: g++ -c -g -O2 -std=c++11  conftest.cpp >&5
configure:17199: $? = 0
configure:17199: result: yes
configure:17199: checking map presence
configure:17199: g++ -E  conftest.cpp
configure:17199: $? = 0
configure:17199: result: yes
configure:17199: checking for map
configure:17199: result: yes
configure:17212: checking whether C++ library supports std::exception_ptr
configure:17241: g++ -c -g -O2 -std=c++11  conftest.cpp >&5
configure:17241: $? = 0
configure:17250: result: yes
configure:17262: checking for perl
configure:17280: found /usr/bin/perl
configure:17293: result: /usr/bin/perl
configure:17304: checking for dot
configure:17335: result: dot
configure:17345: checking for doxygen
configure:17376: result: doxygen
configure:17386: checking for xsltproc
configure:17417: result: xsltproc
configure:17478: checking for libstdc documentation
configure:17534: result: libstdc++.tag@
configure:17542: WARNING: Location of external libstdc documentation not set
configure:17564: checking for libsigc documentation
configure:17620: result: /usr/share/doc/libsigc++-2.0/reference/libsigc++-2.0.tag@file:///usr/share/doc/libsigc++-2.0/reference/html
configure:17650: checking for glibmm documentation
configure:17706: result: /usr/share/doc/glibmm-2.4/reference/glibmm-2.4.tag@file:///usr/share/doc/glibmm-2.4/reference/html
configure:17752: checking which C++ compiler warning flags to use
configure:17807: result: -Wall
configure:17823: Deprecated API will be built, for backwards-compatibility.
configure:17843: checking for xmllint
configure:17861: found /usr/bin/xmllint
configure:17874: result: /usr/bin/xmllint
configure:17887: checking for db2latex
configure:17920: result: no
configure:17887: checking for docbook2latex
configure:17920: result: no
configure:18055: checking that generated files are newer than configure
configure:18061: result: done
configure:18104: creating ./config.status

## ---------------------- ##
## Running config.status. ##
## ---------------------- ##

This file was extended by libxml++ config.status 3.0.1, which was
generated by GNU Autoconf 2.69.  Invocation command line was

  CONFIG_FILES    = 
  CONFIG_HEADERS  = 
  CONFIG_LINKS    = 
  CONFIG_COMMANDS = 
  $ ./config.status 

on shahzad-VirtualBox

config.status:1200: creating Makefile
config.status:1200: creating libxml++/Makefile
config.status:1200: creating examples/Makefile
config.status:1200: creating tests/Makefile
config.status:1200: creating docs/Makefile
config.status:1200: creating docs/reference/Doxyfile
config.status:1200: creating MSVC_Net2010/libxml++/libxml++.rc
config.status:1200: creating libxml++-3.0.pc
config.status:1200: creating config.h
config.status:1381: config.h is unchanged
config.status:1200: creating libxml++config.h
config.status:1381: libxml++config.h is unchanged
config.status:1429: executing depfiles commands
config.status:1429: executing libtool commands
config.status:1429: executing MSVC_Net2010/libxml++/libxml++config.h commands

## ---------------- ##
## Cache variables. ##
## ---------------- ##

ac_cv_build=x86_64-pc-linux-gnu
ac_cv_c_compiler_gnu=yes
ac_cv_cxx_compiler_gnu=yes
ac_cv_env_ACLOCAL_FLAGS_set=
ac_cv_env_ACLOCAL_FLAGS_value=
ac_cv_env_CCC_set=
ac_cv_env_CCC_value=
ac_cv_env_CC_set=
ac_cv_env_CC_value=
ac_cv_env_CFLAGS_set=
ac_cv_env_CFLAGS_value=
ac_cv_env_CPPFLAGS_set=
ac_cv_env_CPPFLAGS_value=
ac_cv_env_CPP_set=
ac_cv_env_CPP_value=
ac_cv_env_CXXCPP_set=
ac_cv_env_CXXCPP_value=
ac_cv_env_CXXFLAGS_set=
ac_cv_env_CXXFLAGS_value=
ac_cv_env_CXX_set=
ac_cv_env_CXX_value=
ac_cv_env_DB2LATEX_set=
ac_cv_env_DB2LATEX_value=
ac_cv_env_DOT_set=
ac_cv_env_DOT_value=
ac_cv_env_DOXYGEN_set=
ac_cv_env_DOXYGEN_value=
ac_cv_env_LDFLAGS_set=
ac_cv_env_LDFLAGS_value=
ac_cv_env_LIBS_set=
ac_cv_env_LIBS_value=
ac_cv_env_LIBXMLXX_CFLAGS_set=
ac_cv_env_LIBXMLXX_CFLAGS_value=
ac_cv_env_LIBXMLXX_LIBS_set=
ac_cv_env_LIBXMLXX_LIBS_value=
ac_cv_env_LT_SYS_LIBRARY_PATH_set=
ac_cv_env_LT_SYS_LIBRARY_PATH_value=
ac_cv_env_PERL_set=
ac_cv_env_PERL_value=
ac_cv_env_PKG_CONFIG_LIBDIR_set=
ac_cv_env_PKG_CONFIG_LIBDIR_value=
ac_cv_env_PKG_CONFIG_PATH_set=
ac_cv_env_PKG_CONFIG_PATH_value=
ac_cv_env_PKG_CONFIG_set=
ac_cv_env_PKG_CONFIG_value=
ac_cv_env_XMLLINT_set=
ac_cv_env_XMLLINT_value=
ac_cv_env_XSLTPROC_set=
ac_cv_env_XSLTPROC_value=
ac_cv_env_build_alias_set=
ac_cv_env_build_alias_value=
ac_cv_env_host_alias_set=
ac_cv_env_host_alias_value=
ac_cv_env_target_alias_set=
ac_cv_env_target_alias_value=
ac_cv_func_dlopen=no
ac_cv_func_shl_load=no
ac_cv_header_dlfcn_h=yes
ac_cv_header_inttypes_h=yes
ac_cv_header_list=yes
ac_cv_header_map=yes
ac_cv_header_memory_h=yes
ac_cv_header_stdc=yes
ac_cv_header_stdint_h=yes
ac_cv_header_stdlib_h=yes
ac_cv_header_string=yes
ac_cv_header_string_h=yes
ac_cv_header_strings_h=yes
ac_cv_header_sys_stat_h=yes
ac_cv_header_sys_types_h=yes
ac_cv_header_unistd_h=yes
ac_cv_host=x86_64-pc-linux-gnu
ac_cv_lib_dl_dlopen=yes
ac_cv_lib_dld_shl_load=no
ac_cv_objext=o
ac_cv_path_DOT=dot
ac_cv_path_DOXYGEN=doxygen
ac_cv_path_EGREP='/bin/grep -E'
ac_cv_path_FGREP='/bin/grep -F'
ac_cv_path_GREP=/bin/grep
ac_cv_path_PERL=/usr/bin/perl
ac_cv_path_SED=/bin/sed
ac_cv_path_XMLLINT=/usr/bin/xmllint
ac_cv_path_XSLTPROC=xsltproc
ac_cv_path_ac_pt_PKG_CONFIG=/usr/bin/pkg-config
ac_cv_path_install='/usr/bin/install -c'
ac_cv_path_lt_DD=/bin/dd
ac_cv_path_mkdir=/bin/mkdir
ac_cv_prog_AWK=mawk
ac_cv_prog_CPP='gcc -E'
ac_cv_prog_CXXCPP='g++ -E'
ac_cv_prog_ac_ct_AR=ar
ac_cv_prog_ac_ct_CC=gcc
ac_cv_prog_ac_ct_CXX=g++
ac_cv_prog_ac_ct_MANIFEST_TOOL=mt
ac_cv_prog_ac_ct_OBJDUMP=objdump
ac_cv_prog_ac_ct_RANLIB=ranlib
ac_cv_prog_ac_ct_STRIP=strip
ac_cv_prog_cc_c89=
ac_cv_prog_cc_g=yes
ac_cv_prog_cxx_g=yes
ac_cv_prog_make_make_set=yes
am_cv_CC_dependencies_compiler_type=gcc3
am_cv_CXX_dependencies_compiler_type=gcc3
am_cv_make_support_nested_variables=yes
am_cv_prog_cc_c_o=yes
ax_cv_cxx_compile_cxx11=no
ax_cv_cxx_compile_cxx11__std_cpp11=yes
libxmlxx_cv_cxx_has_exception_ptr=yes
lt_cv_ar_at_file=@
lt_cv_deplibs_check_method=pass_all
lt_cv_dlopen=dlopen
lt_cv_dlopen_libs=-ldl
lt_cv_dlopen_self=yes
lt_cv_dlopen_self_static=no
lt_cv_file_magic_cmd='$MAGIC_CMD'
lt_cv_file_magic_test_file=
lt_cv_ld_reload_flag=-r
lt_cv_nm_interface='BSD nm'
lt_cv_objdir=.libs
lt_cv_path_LD=/usr/bin/ld
lt_cv_path_LDCXX='/usr/bin/ld -m elf_x86_64'
lt_cv_path_NM='/usr/bin/nm -B'
lt_cv_path_mainfest_tool=no
lt_cv_prog_compiler_c_o=yes
lt_cv_prog_compiler_c_o_CXX=yes
lt_cv_prog_compiler_pic='-fPIC -DPIC'
lt_cv_prog_compiler_pic_CXX='-fPIC -DPIC'
lt_cv_prog_compiler_pic_works=yes
lt_cv_prog_compiler_pic_works_CXX=yes
lt_cv_prog_compiler_rtti_exceptions=no
lt_cv_prog_compiler_static_works=yes
lt_cv_prog_compiler_static_works_CXX=yes
lt_cv_prog_gnu_ld=yes
lt_cv_prog_gnu_ldcxx=yes
lt_cv_sharedlib_from_linklib_cmd='printf %s\n'
lt_cv_shlibpath_overrides_runpath=no
lt_cv_sys_global_symbol_pipe='sed -n -e '\''s/^.*[	 ]\([ABCDGIRSTW][ABCDGIRSTW]*\)[	 ][	 ]*\([_A-Za-z][_A-Za-z0-9]*\)$/\1 \2 \2/p'\'' | sed '\''/ __gnu_lto/d'\'''
lt_cv_sys_global_symbol_to_c_name_address='sed -n -e '\''s/^: \(.*\) .*$/  {"\1", (void *) 0},/p'\'' -e '\''s/^[ABCDGIRSTW][ABCDGIRSTW]* .* \(.*\)$/  {"\1", (void *) \&\1},/p'\'''
lt_cv_sys_global_symbol_to_c_name_address_lib_prefix='sed -n -e '\''s/^: \(.*\) .*$/  {"\1", (void *) 0},/p'\'' -e '\''s/^[ABCDGIRSTW][ABCDGIRSTW]* .* \(lib.*\)$/  {"\1", (void *) \&\1},/p'\'' -e '\''s/^[ABCDGIRSTW][ABCDGIRSTW]* .* \(.*\)$/  {"lib\1", (void *) \&\1},/p'\'''
lt_cv_sys_global_symbol_to_cdecl='sed -n -e '\''s/^T .* \(.*\)$/extern int \1();/p'\'' -e '\''s/^[ABCDGIRSTW][ABCDGIRSTW]* .* \(.*\)$/extern char \1;/p'\'''
lt_cv_sys_global_symbol_to_import=
lt_cv_sys_max_cmd_len=1572864
lt_cv_to_host_file_cmd=func_convert_file_noop
lt_cv_to_tool_file_cmd=func_convert_file_noop
lt_cv_truncate_bin='/bin/dd bs=4096 count=1'
pkg_cv_LIBXMLXX_CFLAGS='-I/usr/include/libxml2 -I/usr/include/glibmm-2.4 -I/usr/lib/x86_64-linux-gnu/glibmm-2.4/include -I/usr/include/sigc++-2.0 -I/usr/lib/x86_64-linux-gnu/sigc++-2.0/include -I/usr/include/glib-2.0 -I/usr/lib/x86_64-linux-gnu/glib-2.0/include  '
pkg_cv_LIBXMLXX_LIBS='-lxml2 -lglibmm-2.4 -lgobject-2.0 -lsigc-2.0 -lglib-2.0  '

## ----------------- ##
## Output variables. ##
## ----------------- ##

ACLOCAL='${SHELL} /home/shahzad/Desktop/MPEG_Dash/Comcast/dashParser_C++/libxml++-3.0.1/build/missing aclocal-1.15'
ACLOCAL_FLAGS=''
AMDEPBACKSLASH='\'
AMDEP_FALSE='#'
AMDEP_TRUE=''
AMTAR='$${TAR-tar}'
AM_BACKSLASH='\'
AM_DEFAULT_V='$(AM_DEFAULT_VERBOSITY)'
AM_DEFAULT_VERBOSITY='0'
AM_V='$(V)'
AR='ar'
AS='as'
AUTOCONF='${SHELL} /home/shahzad/Desktop/MPEG_Dash/Comcast/dashParser_C++/libxml++-3.0.1/build/missing autoconf'
AUTOHEADER='${SHELL} /home/shahzad/Desktop/MPEG_Dash/Comcast/dashParser_C++/libxml++-3.0.1/build/missing autoheader'
AUTOMAKE='${SHELL} /home/shahzad/Desktop/MPEG_Dash/Comcast/dashParser_C++/libxml++-3.0.1/build/missing automake-1.15'
AWK='mawk'
CC='gcc'
CCDEPMODE='depmode=gcc3'
CFLAGS='-g -O2'
CPP='gcc -E'
CPPFLAGS=''
CXX='g++'
CXXCPP='g++ -E'
CXXDEPMODE='depmode=gcc3'
CXXFLAGS='-g -O2 -std=c++11'
CYGPATH_W='echo'
DB2LATEX='db2latex'
DEFS='-DHAVE_CONFIG_H'
DEPDIR='.deps'
DISABLE_DEPRECATED_API_FALSE=''
DISABLE_DEPRECATED_API_TRUE='#'
DIST_DOCTOOLS_FALSE='#'
DIST_DOCTOOLS_TRUE=''
DLLTOOL='false'
DOCINSTALL_FLAGS='-l '\''libsigc++-2.0.tag@file:///usr/share/doc/libsigc++-2.0/reference/html/'\'' -l '\''glibmm-2.4.tag@file:///usr/share/doc/glibmm-2.4/reference/html/'\'''
DOT='dot'
DOXYGEN='doxygen'
DOXYGEN_TAGFILES='"libstdc++.tag" "/usr/share/doc/libsigc++-2.0/reference/libsigc++-2.0.tag=http://library.gnome.org/devel/libsigc++/unstable" "/usr/share/doc/glibmm-2.4/reference/glibmm-2.4.tag=http://library.gnome.org/devel/glibmm/unstable"'
DSYMUTIL=''
DUMPBIN=''
ECHO_C=''
ECHO_N='-n'
ECHO_T=''
EGREP='/bin/grep -E'
ENABLE_DOCUMENTATION_FALSE='#'
ENABLE_DOCUMENTATION_TRUE=''
EXEEXT=''
FGREP='/bin/grep -F'
GREP='/bin/grep'
HAVE_CXX11=''
INSTALL_DATA='${INSTALL} -m 644'
INSTALL_PROGRAM='${INSTALL}'
INSTALL_SCRIPT='${INSTALL}'
INSTALL_STRIP_PROGRAM='$(install_sh) -c -s'
LD='/usr/bin/ld -m elf_x86_64'
LDFLAGS=''
LIBOBJS=''
LIBS=''
LIBTOOL='$(SHELL) $(top_builddir)/libtool'
LIBXMLXX_API_VERSION='3.0'
LIBXMLXX_CFLAGS='-I/usr/include/libxml2 -I/usr/include/glibmm-2.4 -I/usr/lib/x86_64-linux-gnu/glibmm-2.4/include -I/usr/include/sigc++-2.0 -I/usr/lib/x86_64-linux-gnu/sigc++-2.0/include -I/usr/include/glib-2.0 -I/usr/lib/x86_64-linux-gnu/glib-2.0/include  '
LIBXMLXX_LIBS='-lxml2 -lglibmm-2.4 -lgobject-2.0 -lsigc-2.0 -lglib-2.0  '
LIBXMLXX_MAJOR_VERSION='3'
LIBXMLXX_MICRO_VERSION='1'
LIBXMLXX_MINOR_VERSION='0'
LIBXMLXX_MODULES='libxml-2.0 >= 2.7.7 glibmm-2.4 >= 2.32.0'
LIBXMLXX_MODULE_NAME='libxml++-3.0'
LIBXMLXX_SO_VERSION='1:0:0'
LIBXMLXX_VERSION='3.0.1'
LIBXMLXX_WXXFLAGS='-Wall'
LIPO=''
LN_S='ln -s'
LTLIBOBJS=''
LT_SYS_LIBRARY_PATH=''
MAINT='#'
MAINTAINER_MODE_FALSE=''
MAINTAINER_MODE_TRUE='#'
MAKEINFO='${SHELL} /home/shahzad/Desktop/MPEG_Dash/Comcast/dashParser_C++/libxml++-3.0.1/build/missing makeinfo'
MANIFEST_TOOL=':'
MKDIR_P='/bin/mkdir -p'
MMDOCTOOLDIR='${top_srcdir}/docs'
NM='/usr/bin/nm -B'
NMEDIT=''
OBJDUMP='objdump'
OBJEXT='o'
OTOOL64=''
OTOOL=''
PACKAGE='libxml++'
PACKAGE_BUGREPORT='https://bugzilla.gnome.org/enter_bug.cgi?product=libxml%2B%2B'
PACKAGE_NAME='libxml++'
PACKAGE_STRING='libxml++ 3.0.1'
PACKAGE_TARNAME='libxml++'
PACKAGE_URL='http://libxmlplusplus.sourceforge.net/'
PACKAGE_VERSION='3.0.1'
PATH_SEPARATOR=':'
PERL='/usr/bin/perl'
PKG_CONFIG='/usr/bin/pkg-config'
PKG_CONFIG_LIBDIR=''
PKG_CONFIG_PATH=''
RANLIB='ranlib'
SED='/bin/sed'
SET_MAKE=''
SHELL='/bin/bash'
STRIP='strip'
VERSION='3.0.1'
XMLLINT='/usr/bin/xmllint'
XSLTPROC='xsltproc'
ac_ct_AR='ar'
ac_ct_CC='gcc'
ac_ct_CXX='g++'
ac_ct_DUMPBIN=''
am__EXEEXT_FALSE=''
am__EXEEXT_TRUE='#'
am__fastdepCC_FALSE='#'
am__fastdepCC_TRUE=''
am__fastdepCXX_FALSE='#'
am__fastdepCXX_TRUE=''
am__include='include'
am__isrc=''
am__leading_dot='.'
am__nodep='_no'
am__quote=''
am__tar='$${TAR-tar} chof - "$$tardir"'
am__untar='$${TAR-tar} xf -'
bindir='${exec_prefix}/bin'
build='x86_64-pc-linux-gnu'
build_alias=''
build_cpu='x86_64'
build_os='linux-gnu'
build_vendor='pc'
datadir='${datarootdir}'
datarootdir='${prefix}/share'
docdir='${datarootdir}/doc/${PACKAGE_TARNAME}'
dvidir='${docdir}'
exec_prefix='${prefix}'
host='x86_64-pc-linux-gnu'
host_alias=''
host_cpu='x86_64'
host_os='linux-gnu'
host_vendor='pc'
htmldir='${docdir}'
includedir='${prefix}/include'
infodir='${datarootdir}/info'
install_sh='${SHELL} /home/shahzad/Desktop/MPEG_Dash/Comcast/dashParser_C++/libxml++-3.0.1/build/install-sh'
libdir='${exec_prefix}/lib'
libexecdir='${exec_prefix}/libexec'
localedir='${datarootdir}/locale'
localstatedir='${prefix}/var'
mandir='${datarootdir}/man'
mkdir_p='$(MKDIR_P)'
oldincludedir='/usr/include'
pdfdir='${docdir}'
prefix='/usr/local'
program_transform_name='s,x,x,'
psdir='${docdir}'
runstatedir='${localstatedir}/run'
sbindir='${exec_prefix}/sbin'
sharedstatedir='${prefix}/com'
sysconfdir='${prefix}/etc'
target_alias=''

## ----------- ##
## confdefs.h. ##
## ----------- ##

/* confdefs.h */
#define PACKAGE_NAME "libxml++"
#define PACKAGE_TARNAME "libxml++"
#define PACKAGE_VERSION "3.0.1"
#define PACKAGE_STRING "libxml++ 3.0.1"
#define PACKAGE_BUGREPORT "https://bugzilla.gnome.org/enter_bug.cgi?product=libxml%2B%2B"
#define PACKAGE_URL "http://libxmlplusplus.sourceforge.net/"
#define LIBXMLXX_MAJOR_VERSION 3
#define LIBXMLXX_MINOR_VERSION 0
#define LIBXMLXX_MICRO_VERSION 1
#define STDC_HEADERS 1
#define HAVE_SYS_TYPES_H 1
#define HAVE_SYS_STAT_H 1
#define HAVE_STDLIB_H 1
#define HAVE_STRING_H 1
#define HAVE_MEMORY_H 1
#define HAVE_STRINGS_H 1
#define HAVE_INTTYPES_H 1
#define HAVE_STDINT_H 1
#define HAVE_UNISTD_H 1
#define HAVE_DLFCN_H 1
#define LT_OBJDIR ".libs/"
#define HAVE_STRING 1
#define HAVE_LIST 1
#define HAVE_MAP 1
#define LIBXMLXX_HAVE_EXCEPTION_PTR 1

configure: exit 0
